app/build/intermediates/manifest_merge_blame_file/debug/manifest-merger-blame-debug-report.txt
1<?xml version="1.0" encoding="utf-8"?>
2<manifest xmlns:android="http://schemas.android.com/apk/res/android"
3    package="com.voicelife.assistant"
4    android:versionCode="1"
5    android:versionName="1.0" >
6
7    <uses-sdk
8        android:minSdkVersion="26"
9        android:targetSdkVersion="34" />
10
11    <!-- 权限声明 -->
12    <uses-permission android:name="android.permission.RECORD_AUDIO" />
12-->src\main\AndroidManifest.xml:6:5-71
12-->src\main\AndroidManifest.xml:6:22-68
13    <uses-permission android:name="android.permission.FOREGROUND_SERVICE" />
13-->src\main\AndroidManifest.xml:7:5-77
13-->src\main\AndroidManifest.xml:7:22-74
14    <uses-permission android:name="android.permission.FOREGROUND_SERVICE_MICROPHONE" />
14-->src\main\AndroidManifest.xml:8:5-88
14-->src\main\AndroidManifest.xml:8:22-85
15    <uses-permission android:name="android.permission.WAKE_LOCK" />
15-->src\main\AndroidManifest.xml:9:5-68
15-->src\main\AndroidManifest.xml:9:22-65
16    <uses-permission android:name="android.permission.REQUEST_IGNORE_BATTERY_OPTIMIZATIONS" />
16-->src\main\AndroidManifest.xml:10:5-95
16-->src\main\AndroidManifest.xml:10:22-92
17    <uses-permission android:name="android.permission.POST_NOTIFICATIONS" />
17-->src\main\AndroidManifest.xml:11:5-77
17-->src\main\AndroidManifest.xml:11:22-74
18    <uses-permission android:name="android.permission.INTERNET" />
18-->src\main\AndroidManifest.xml:12:5-67
18-->src\main\AndroidManifest.xml:12:22-64
19    <uses-permission android:name="android.permission.ACCESS_NETWORK_STATE" />
19-->src\main\AndroidManifest.xml:13:5-79
19-->src\main\AndroidManifest.xml:13:22-76
20    <!-- 存储权限 - 用于保存录音到公共目录 -->
21    <!-- Android 6-12 需要存储权限 -->
22    <uses-permission
22-->src\main\AndroidManifest.xml:16:5-17:38
23        android:name="android.permission.READ_EXTERNAL_STORAGE"
23-->src\main\AndroidManifest.xml:16:22-77
24        android:maxSdkVersion="32" />
24-->src\main\AndroidManifest.xml:17:9-35
25    <uses-permission
25-->src\main\AndroidManifest.xml:18:5-19:38
26        android:name="android.permission.WRITE_EXTERNAL_STORAGE"
26-->src\main\AndroidManifest.xml:18:22-78
27        android:maxSdkVersion="32" />
27-->src\main\AndroidManifest.xml:19:9-35
28    <!-- Android 13+ 写入Download目录不需要额外权限 -->
29
30
31    <!-- 自动启动权限 -->
32    <uses-permission android:name="android.permission.RECEIVE_BOOT_COMPLETED" />
32-->src\main\AndroidManifest.xml:23:5-81
32-->src\main\AndroidManifest.xml:23:22-78
33    <uses-permission android:name="android.permission.QUICKBOOT_POWERON" />
33-->src\main\AndroidManifest.xml:24:5-76
33-->src\main\AndroidManifest.xml:24:22-73
34    <uses-permission android:name="android.permission.REBOOT" />
34-->src\main\AndroidManifest.xml:25:5-65
34-->src\main\AndroidManifest.xml:25:22-62
35    <!-- AlarmManager权限 -->
36    <uses-permission android:name="android.permission.SCHEDULE_EXACT_ALARM" />
36-->src\main\AndroidManifest.xml:27:5-79
36-->src\main\AndroidManifest.xml:27:22-76
37    <uses-permission android:name="android.permission.USE_EXACT_ALARM" />
37-->src\main\AndroidManifest.xml:28:5-74
37-->src\main\AndroidManifest.xml:28:22-71
38
39    <permission
39-->[androidx.core:core:1.12.0] AndroidManifest.xml:22:5-24:47
40        android:name="com.voicelife.assistant.DYNAMIC_RECEIVER_NOT_EXPORTED_PERMISSION"
40-->[androidx.core:core:1.12.0] AndroidManifest.xml:23:9-81
41        android:protectionLevel="signature" />
41-->[androidx.core:core:1.12.0] AndroidManifest.xml:24:9-44
42
43    <uses-permission android:name="com.voicelife.assistant.DYNAMIC_RECEIVER_NOT_EXPORTED_PERMISSION" />
43-->[androidx.core:core:1.12.0] AndroidManifest.xml:26:5-97
43-->[androidx.core:core:1.12.0] AndroidManifest.xml:26:22-94
44
45    <application
45-->src\main\AndroidManifest.xml:30:5-84:19
46        android:name="com.voicelife.assistant.VoiceAssistantApp"
46-->src\main\AndroidManifest.xml:31:9-42
47        android:allowBackup="true"
47-->src\main\AndroidManifest.xml:32:9-35
48        android:appComponentFactory="androidx.core.app.CoreComponentFactory"
48-->[androidx.core:core:1.12.0] AndroidManifest.xml:28:18-86
49        android:dataExtractionRules="@xml/data_extraction_rules"
49-->src\main\AndroidManifest.xml:33:9-65
50        android:debuggable="true"
51        android:extractNativeLibs="false"
52        android:fullBackupContent="@xml/backup_rules"
52-->src\main\AndroidManifest.xml:34:9-54
53        android:icon="@mipmap/ic_launcher"
53-->src\main\AndroidManifest.xml:35:9-43
54        android:label="@string/app_name"
54-->src\main\AndroidManifest.xml:36:9-41
55        android:roundIcon="@mipmap/ic_launcher_round"
55-->src\main\AndroidManifest.xml:37:9-54
56        android:supportsRtl="true"
56-->src\main\AndroidManifest.xml:38:9-35
57        android:theme="@style/Theme.VoiceLifeAssistant" >
57-->src\main\AndroidManifest.xml:39:9-56
58        <activity
58-->src\main\AndroidManifest.xml:42:9-50:20
59            android:name="com.voicelife.assistant.ui.main.MainActivity"
59-->src\main\AndroidManifest.xml:43:13-49
60            android:exported="true"
60-->src\main\AndroidManifest.xml:44:13-36
61            android:theme="@style/Theme.VoiceLifeAssistant" >
61-->src\main\AndroidManifest.xml:45:13-60
62            <intent-filter>
62-->src\main\AndroidManifest.xml:46:13-49:29
63                <action android:name="android.intent.action.MAIN" />
63-->src\main\AndroidManifest.xml:47:17-69
63-->src\main\AndroidManifest.xml:47:25-66
64
65                <category android:name="android.intent.category.LAUNCHER" />
65-->src\main\AndroidManifest.xml:48:17-77
65-->src\main\AndroidManifest.xml:48:27-74
66            </intent-filter>
67        </activity>
68
69        <service
69-->src\main\AndroidManifest.xml:52:9-56:58
70            android:name="com.voicelife.assistant.service.VoiceMonitorService"
70-->src\main\AndroidManifest.xml:53:13-56
71            android:enabled="true"
71-->src\main\AndroidManifest.xml:54:13-35
72            android:exported="false"
72-->src\main\AndroidManifest.xml:55:13-37
73            android:foregroundServiceType="microphone" />
73-->src\main\AndroidManifest.xml:56:13-55
74
75        <!-- 系统启动和重启接收器 -->
76        <receiver
76-->src\main\AndroidManifest.xml:59:9-73:20
77            android:name="com.voicelife.assistant.receiver.BootReceiver"
77-->src\main\AndroidManifest.xml:60:13-50
78            android:directBootAware="true"
78-->src\main\AndroidManifest.xml:63:13-43
79            android:enabled="true"
79-->src\main\AndroidManifest.xml:61:13-35
80            android:exported="true" >
80-->src\main\AndroidManifest.xml:62:13-36
81            <intent-filter>
81-->src\main\AndroidManifest.xml:64:13-72:29
82
83                <!-- 系统启动完成 -->
84                <action android:name="android.intent.action.BOOT_COMPLETED" />
84-->src\main\AndroidManifest.xml:66:17-79
84-->src\main\AndroidManifest.xml:66:25-76
85                <action android:name="android.intent.action.QUICKBOOT_POWERON" />
85-->src\main\AndroidManifest.xml:67:17-82
85-->src\main\AndroidManifest.xml:67:25-79
86                <!-- 应用更新完成 -->
87                <action android:name="android.intent.action.MY_PACKAGE_REPLACED" />
87-->src\main\AndroidManifest.xml:69:17-84
87-->src\main\AndroidManifest.xml:69:25-81
88                <!-- 用户解锁 -->
89                <action android:name="android.intent.action.USER_PRESENT" />
89-->src\main\AndroidManifest.xml:71:17-77
89-->src\main\AndroidManifest.xml:71:25-74
90            </intent-filter>
91        </receiver>
92
93        <!-- 服务重启接收器 -->
94        <receiver
94-->src\main\AndroidManifest.xml:76:9-83:20
95            android:name="com.voicelife.assistant.receiver.ServiceRestartReceiver"
95-->src\main\AndroidManifest.xml:77:13-60
96            android:enabled="true"
96-->src\main\AndroidManifest.xml:78:13-35
97            android:exported="false" >
97-->src\main\AndroidManifest.xml:79:13-37
98            <intent-filter>
98-->src\main\AndroidManifest.xml:80:13-82:29
99                <action android:name="com.voicelife.assistant.ACTION_RESTART_SERVICE" />
99-->src\main\AndroidManifest.xml:81:17-89
99-->src\main\AndroidManifest.xml:81:25-86
100            </intent-filter>
101        </receiver>
102
103        <activity
103-->[androidx.compose.ui:ui-test-manifest:1.5.4] AndroidManifest.xml:23:9-25:39
104            android:name="androidx.activity.ComponentActivity"
104-->[androidx.compose.ui:ui-test-manifest:1.5.4] AndroidManifest.xml:24:13-63
105            android:exported="true" />
105-->[androidx.compose.ui:ui-test-manifest:1.5.4] AndroidManifest.xml:25:13-36
106        <activity
106-->[androidx.compose.ui:ui-tooling-android:1.5.4] AndroidManifest.xml:23:9-25:39
107            android:name="androidx.compose.ui.tooling.PreviewActivity"
107-->[androidx.compose.ui:ui-tooling-android:1.5.4] AndroidManifest.xml:24:13-71
108            android:exported="true" />
108-->[androidx.compose.ui:ui-tooling-android:1.5.4] AndroidManifest.xml:25:13-36
109
110        <provider
110-->[androidx.emoji2:emoji2:1.4.0] AndroidManifest.xml:24:9-32:20
111            android:name="androidx.startup.InitializationProvider"
111-->[androidx.emoji2:emoji2:1.4.0] AndroidManifest.xml:25:13-67
112            android:authorities="com.voicelife.assistant.androidx-startup"
112-->[androidx.emoji2:emoji2:1.4.0] AndroidManifest.xml:26:13-68
113            android:exported="false" >
113-->[androidx.emoji2:emoji2:1.4.0] AndroidManifest.xml:27:13-37
114            <meta-data
114-->[androidx.emoji2:emoji2:1.4.0] AndroidManifest.xml:29:13-31:52
115                android:name="androidx.emoji2.text.EmojiCompatInitializer"
115-->[androidx.emoji2:emoji2:1.4.0] AndroidManifest.xml:30:17-75
116                android:value="androidx.startup" />
116-->[androidx.emoji2:emoji2:1.4.0] AndroidManifest.xml:31:17-49
117            <meta-data
117-->[androidx.lifecycle:lifecycle-process:2.6.2] AndroidManifest.xml:29:13-31:52
118                android:name="androidx.lifecycle.ProcessLifecycleInitializer"
118-->[androidx.lifecycle:lifecycle-process:2.6.2] AndroidManifest.xml:30:17-78
119                android:value="androidx.startup" />
119-->[androidx.lifecycle:lifecycle-process:2.6.2] AndroidManifest.xml:31:17-49
120            <meta-data
120-->[androidx.profileinstaller:profileinstaller:1.3.0] AndroidManifest.xml:29:13-31:52
121                android:name="androidx.profileinstaller.ProfileInstallerInitializer"
121-->[androidx.profileinstaller:profileinstaller:1.3.0] AndroidManifest.xml:30:17-85
122                android:value="androidx.startup" />
122-->[androidx.profileinstaller:profileinstaller:1.3.0] AndroidManifest.xml:31:17-49
123        </provider>
124
125        <service
125-->[androidx.room:room-runtime:2.6.1] AndroidManifest.xml:24:9-28:63
126            android:name="androidx.room.MultiInstanceInvalidationService"
126-->[androidx.room:room-runtime:2.6.1] AndroidManifest.xml:25:13-74
127            android:directBootAware="true"
127-->[androidx.room:room-runtime:2.6.1] AndroidManifest.xml:26:13-43
128            android:exported="false" />
128-->[androidx.room:room-runtime:2.6.1] AndroidManifest.xml:27:13-37
129
130        <receiver
130-->[androidx.profileinstaller:profileinstaller:1.3.0] AndroidManifest.xml:34:9-52:20
131            android:name="androidx.profileinstaller.ProfileInstallReceiver"
131-->[androidx.profileinstaller:profileinstaller:1.3.0] AndroidManifest.xml:35:13-76
132            android:directBootAware="false"
132-->[androidx.profileinstaller:profileinstaller:1.3.0] AndroidManifest.xml:36:13-44
133            android:enabled="true"
133-->[androidx.profileinstaller:profileinstaller:1.3.0] AndroidManifest.xml:37:13-35
134            android:exported="true"
134-->[androidx.profileinstaller:profileinstaller:1.3.0] AndroidManifest.xml:38:13-36
135            android:permission="android.permission.DUMP" >
135-->[androidx.profileinstaller:profileinstaller:1.3.0] AndroidManifest.xml:39:13-57
136            <intent-filter>
136-->[androidx.profileinstaller:profileinstaller:1.3.0] AndroidManifest.xml:40:13-42:29
137                <action android:name="androidx.profileinstaller.action.INSTALL_PROFILE" />
137-->[androidx.profileinstaller:profileinstaller:1.3.0] AndroidManifest.xml:41:17-91
137-->[androidx.profileinstaller:profileinstaller:1.3.0] AndroidManifest.xml:41:25-88
138            </intent-filter>
139            <intent-filter>
139-->[androidx.profileinstaller:profileinstaller:1.3.0] AndroidManifest.xml:43:13-45:29
140                <action android:name="androidx.profileinstaller.action.SKIP_FILE" />
140-->[androidx.profileinstaller:profileinstaller:1.3.0] AndroidManifest.xml:44:17-85
140-->[androidx.profileinstaller:profileinstaller:1.3.0] AndroidManifest.xml:44:25-82
141            </intent-filter>
142            <intent-filter>
142-->[androidx.profileinstaller:profileinstaller:1.3.0] AndroidManifest.xml:46:13-48:29
143                <action android:name="androidx.profileinstaller.action.SAVE_PROFILE" />
143-->[androidx.profileinstaller:profileinstaller:1.3.0] AndroidManifest.xml:47:17-88
143-->[androidx.profileinstaller:profileinstaller:1.3.0] AndroidManifest.xml:47:25-85
144            </intent-filter>
145            <intent-filter>
145-->[androidx.profileinstaller:profileinstaller:1.3.0] AndroidManifest.xml:49:13-51:29
146                <action android:name="androidx.profileinstaller.action.BENCHMARK_OPERATION" />
146-->[androidx.profileinstaller:profileinstaller:1.3.0] AndroidManifest.xml:50:17-95
146-->[androidx.profileinstaller:profileinstaller:1.3.0] AndroidManifest.xml:50:25-92
147            </intent-filter>
148        </receiver>
149    </application>
150
151</manifest>